Feb 02, 2014 9:21:02 PM com.genuitec.pulse.client.deliverypackage.runtime.internal.Activator initializeLoggers
INFO: Package starting up at Sun Feb 02 21:21:02 AKST 2014
Feb 02, 2014 9:21:04 PM com.genuitec.pulse.client.deliverypackage.runtime.UpdatesService checkForWorkspaceUpdates
INFO: Latest version of package has already been enabled in the workspace; check finished in 3ms
Feb 05, 2014 9:28:48 AM org.glassfish.tools.ide.logging.Logger log
INFO: localhost:4848:::::__locations?null
java.net.SocketTimeoutException
	at java.net.SocksSocketImpl.remainingMillis(Unknown Source)
	at java.net.SocksSocketImpl.connect(Unknown Source)
	at java.net.Socket.connect(Unknown Source)
	at org.glassfish.tools.ide.utils.Utils.isSecurePort(Utils.java:156)
	at org.glassfish.tools.ide.utils.Utils.isSecurePort(Utils.java:129)
	at org.glassfish.tools.ide.admin.RunnerHttp.getHttpListenerProtocol(RunnerHttp.java:232)
	at org.glassfish.tools.ide.admin.RunnerHttp.constructCommandUrl(RunnerHttp.java:426)
	at org.glassfish.tools.ide.admin.Runner.call(Runner.java:682)
	at org.glassfish.tools.ide.admin.RunnerHttp.call(RunnerHttp.java:66)
	at org.glassfish.tools.ide.admin.Runner.call(Runner.java:70)
	at java.util.concurrent.FutureTask.run(Unknown Source)
	at java.util.concurrent.ThreadPoolExecutor.runWorker(Unknown Source)
	at java.util.concurrent.ThreadPoolExecutor$Worker.run(Unknown Source)
	at java.lang.Thread.run(Unknown Source)

Feb 05, 2014 9:29:06 AM org.glassfish.tools.ide.logging.Logger log
INFO: localhost:4848:::::__locations?null
java.net.SocketTimeoutException
	at java.net.SocksSocketImpl.remainingMillis(Unknown Source)
	at java.net.SocksSocketImpl.connect(Unknown Source)
	at java.net.Socket.connect(Unknown Source)
	at org.glassfish.tools.ide.utils.Utils.isSecurePort(Utils.java:156)
	at org.glassfish.tools.ide.utils.Utils.isSecurePort(Utils.java:129)
	at org.glassfish.tools.ide.admin.RunnerHttp.getHttpListenerProtocol(RunnerHttp.java:232)
	at org.glassfish.tools.ide.admin.RunnerHttp.constructCommandUrl(RunnerHttp.java:426)
	at org.glassfish.tools.ide.admin.Runner.call(Runner.java:682)
	at org.glassfish.tools.ide.admin.RunnerHttp.call(RunnerHttp.java:66)
	at org.glassfish.tools.ide.admin.Runner.call(Runner.java:70)
	at java.util.concurrent.FutureTask.run(Unknown Source)
	at java.util.concurrent.ThreadPoolExecutor.runWorker(Unknown Source)
	at java.util.concurrent.ThreadPoolExecutor$Worker.run(Unknown Source)
	at java.lang.Thread.run(Unknown Source)

Feb 05, 2014 9:29:24 AM org.glassfish.tools.ide.logging.Logger log
INFO: localhost:4848:::::__locations?null
java.net.SocketTimeoutException
	at java.net.SocksSocketImpl.remainingMillis(Unknown Source)
	at java.net.SocksSocketImpl.connect(Unknown Source)
	at java.net.Socket.connect(Unknown Source)
	at org.glassfish.tools.ide.utils.Utils.isSecurePort(Utils.java:156)
	at org.glassfish.tools.ide.utils.Utils.isSecurePort(Utils.java:129)
	at org.glassfish.tools.ide.admin.RunnerHttp.getHttpListenerProtocol(RunnerHttp.java:232)
	at org.glassfish.tools.ide.admin.RunnerHttp.constructCommandUrl(RunnerHttp.java:426)
	at org.glassfish.tools.ide.admin.Runner.call(Runner.java:682)
	at org.glassfish.tools.ide.admin.RunnerHttp.call(RunnerHttp.java:66)
	at org.glassfish.tools.ide.admin.Runner.call(Runner.java:70)
	at java.util.concurrent.FutureTask.run(Unknown Source)
	at java.util.concurrent.ThreadPoolExecutor.runWorker(Unknown Source)
	at java.util.concurrent.ThreadPoolExecutor$Worker.run(Unknown Source)
	at java.lang.Thread.run(Unknown Source)

Feb 05, 2014 9:29:41 AM org.glassfish.tools.ide.logging.Logger log
INFO: localhost:4848:::::__locations?null
java.net.SocketTimeoutException
	at java.net.SocksSocketImpl.remainingMillis(Unknown Source)
	at java.net.SocksSocketImpl.connect(Unknown Source)
	at java.net.Socket.connect(Unknown Source)
	at org.glassfish.tools.ide.utils.Utils.isSecurePort(Utils.java:156)
	at org.glassfish.tools.ide.utils.Utils.isSecurePort(Utils.java:129)
	at org.glassfish.tools.ide.admin.RunnerHttp.getHttpListenerProtocol(RunnerHttp.java:232)
	at org.glassfish.tools.ide.admin.RunnerHttp.constructCommandUrl(RunnerHttp.java:426)
	at org.glassfish.tools.ide.admin.Runner.call(Runner.java:682)
	at org.glassfish.tools.ide.admin.RunnerHttp.call(RunnerHttp.java:66)
	at org.glassfish.tools.ide.admin.Runner.call(Runner.java:70)
	at java.util.concurrent.FutureTask.run(Unknown Source)
	at java.util.concurrent.ThreadPoolExecutor.runWorker(Unknown Source)
	at java.util.concurrent.ThreadPoolExecutor$Worker.run(Unknown Source)
	at java.lang.Thread.run(Unknown Source)

Feb 06, 2014 9:42:02 AM org.glassfish.tools.ide.logging.Logger log
INFO: Adding { http-listener-1, 8080, false }
Feb 06, 2014 9:42:02 AM org.glassfish.tools.ide.logging.Logger log
INFO: Adding { http-listener-2, 8181, false }
Feb 06, 2014 9:42:02 AM org.glassfish.tools.ide.logging.Logger log
INFO: Adding { admin-listener, 4848, false }
